Temperatura actual es: 14
===================================================================
Inicia proceso de ajuste en la Temperatura (16/12/2021 23:01:40).
Aproximacion de temperatura correspondiente a : 23
Temperatura final despues del cambio es: 20.17271886849958
Temperatura actual es: 20
===================================================================
Inicia proceso de ajuste en radiador (16/12/2021 23:02:06).
Potencia del radiador se ajustará a: 1214
Potencia final después del cambio: 1324.1
Temperatura actual es: 20
===================================================================
Inicia proceso de ajuste en ventilador (16/12/2021 23:02:25).
Potencia del ventilador se ajustará a: 1695
Potencia final después del cambio: 1619.0
Temperatura actual es: 20
===================================================================
Inicia proceso de ajuste en la Temperatura (16/12/2021 23:02:44).
Aproximacion de temperatura correspondiente a : 10
Temperatura final despues del cambio es: -87.4
Temperatura actual es: -87
===================================================================
Inicia proceso para programación de irrigación (16/12/2021 23:03:51).
Inicio de la programación de irrigación: 2021-12-31T07:00
Fin de la programación de irrigación: 2022-01-01T20:30
===================================================================
Sistema de irrigación apagado (16/12/2021 23:04:35).
===================================================================
Sistema de irrigación encendido (16/12/2021 23:04:50)
===================================================================
Inicia proceso para programación de temperatura (16/12/2021 23:05:16)
Inicio de la programación de temperatura: 2021-12-21T17:11
Fin de la programación de temperatura:  2021-12-24T19:03
===================================================================
